[    0.000000] Initializing cgroup subsys cpuset
[    0.000000] Initializing cgroup subsys cpu
[    0.000000] Initializing cgroup subsys cpuacct
[    0.000000] Linux version 4.4.0-178-generic (buildd@lgw01-amd64-017) (gcc version 5.4.0 20160609 (Ubuntu 5.4.0-6ubuntu1~16.04.12) ) #208-Ubuntu SMP Sun Apr 5 23:45:10 UTC 2020 (Ubuntu 4.4.0-178.208-generic 4.4.217)
[    0.000000] Command line: BOOT_IMAGE=/boot/vmlinuz-4.4.0-178-generic root=LABEL=cloudimg-rootfs ro console=tty1 console=ttyS0
[    0.000000] KERNEL supported cpus:
[    0.000000]   Intel GenuineIntel
[    0.000000]   AMD AuthenticAMD
[    0.000000]   Centaur CentaurHauls
[    0.000000] x86/fpu: xstate_offset[2]:  576, xstate_sizes[2]:  256
[    0.000000] x86/fpu: Supporting XSAVE feature 0x01: 'x87 floating point registers'
[    0.000000] x86/fpu: Supporting XSAVE feature 0x02: 'SSE registers'
[    0.000000] x86/fpu: Supporting XSAVE feature 0x04: 'AVX registers'
[    0.000000] x86/fpu: Enabled xstate features 0x7, context size is 832 bytes, using 'standard' format.
[    0.000000] e820: BIOS-provided physical RAM map:
[    0.000000] BIOS-e820: [mem 0x0000000000000000-0x000000000009fbff] usable
[    0.000000] BIOS-e820: [mem 0x000000000009fc00-0x000000000009ffff] reserved
[    0.000000] BIOS-e820: [mem 0x00000000000f0000-0x00000000000fffff] reserved
[    0.000000] BIOS-e820: [mem 0x0000000000100000-0x00000000dffeffff] usable
[    0.000000] BIOS-e820: [mem 0x00000000dfff0000-0x00000000dfffffff] ACPI data
[    0.000000] BIOS-e820: [mem 0x00000000fec00000-0x00000000fec00fff] reserved
[    0.000000] BIOS-e820: [mem 0x00000000fee00000-0x00000000fee00fff] reserved
[    0.000000] BIOS-e820: [mem 0x00000000fffc0000-0x00000000ffffffff] reserved
[    0.000000] BIOS-e820: [mem 0x0000000100000000-0x000000011fffffff] usable
[    0.000000] NX (Execute Disable) protection: active
[    0.000000] SMBIOS 2.5 present.
[    0.000000] Hypervisor detected: KVM
[    0.000000] e820: last_pfn = 0x120000 max_arch_pfn = 0x400000000
[    0.000000] MTRR: Disabled
[    0.000000] x86/PAT: MTRRs disabled, skipping PAT initialization too.
[    0.000000] CPU MTRRs all blank - virtualized system.
[    0.000000] x86/PAT: Configuration [0-7]: WB  WT  UC- UC  WB  WT  UC- UC  
[    0.000000] e820: last_pfn = 0xdfff0 max_arch_pfn = 0x400000000
[    0.000000] found SMP MP-table at [mem 0x0009fff0-0x0009ffff] mapped at [ffff88000009fff0]
[    0.000000] Scanning 1 areas for low memory corruption
[    0.000000] RAMDISK: [mem 0x362e0000-0x37167fff]
[    0.000000] ACPI: Early table checksum verification disabled
[    0.000000] ACPI: RSDP 0x00000000000E0000 000024 (v02 VBOX  )
[    0.000000] ACPI: XSDT 0x00000000DFFF0030 00003C (v01 VBOX   VBOXXSDT 00000001 ASL  00000061)
[    0.000000] ACPI: FACP 0x00000000DFFF00F0 0000F4 (v04 VBOX   VBOXFACP 00000001 ASL  00000061)
[    0.000000] ACPI: DSDT 0x00000000DFFF0470 0022EA (v02 VBOX   VBOXBIOS 00000002 INTL 20100528)
[    0.000000] ACPI: FACS 0x00000000DFFF0200 000040
[    0.000000] ACPI: FACS 0x00000000DFFF0200 000040
[    0.000000] ACPI: APIC 0x00000000DFFF0240 00005C (v02 VBOX   VBOXAPIC 00000001 ASL  00000061)
[    0.000000] ACPI: SSDT 0x00000000DFFF02A0 0001CC (v01 VBOX   VBOXCPUT 00000002 INTL 20100528)
[    0.000000] No NUMA configuration found
[    0.000000] Faking a node at [mem 0x0000000000000000-0x000000011fffffff]
[    0.000000] NODE_DATA(0) allocated [mem 0x11fff7000-0x11fffbfff]
[    0.000000] kvm-clock: Using msrs 4b564d01 and 4b564d00
[    0.000000] kvm-clock: cpu 0, msr 1:1ffef001, primary cpu clock
[    0.000000] kvm-clock: using sched offset of 3444392249 cycles
[    0.000000] clocksource: kvm-clock: mask: 0xffffffffffffffff max_cycles: 0x1cd42e4dffb, max_idle_ns: 881590591483 ns
[    0.000000] Zone ranges:
[    0.000000]   DMA      [mem 0x0000000000001000-0x0000000000ffffff]
[    0.000000]   DMA32    [mem 0x0000000001000000-0x00000000ffffffff]
[    0.000000]   Normal   [mem 0x0000000100000000-0x000000011fffffff]
[    0.000000]   Device   empty
[    0.000000] Movable zone start for each node
[    0.000000] Early memory node ranges
[    0.000000]   node   0: [mem 0x0000000000001000-0x000000000009efff]
[    0.000000]   node   0: [mem 0x0000000000100000-0x00000000dffeffff]
[    0.000000]   node   0: [mem 0x0000000100000000-0x000000011fffffff]
[    0.000000] Initmem setup node 0 [mem 0x0000000000001000-0x000000011fffffff]
[    0.000000] ACPI: PM-Timer IO Port: 0x4008
[    0.000000] IOAPIC[0]: apic_id 2, version 32, address 0xfec00000, GSI 0-23
[    0.000000] ACPI: INT_SRC_OVR (bus 0 bus_irq 0 global_irq 2 dfl dfl)
[    0.000000] ACPI: INT_SRC_OVR (bus 0 bus_irq 9 global_irq 9 low level)
[    0.000000] Using ACPI (MADT) for SMP configuration information
[    0.000000] smpboot: Allowing 2 CPUs, 0 hotplug CPUs
[    0.000000] PM: Registered nosave memory: [mem 0x00000000-0x00000fff]
[    0.000000] PM: Registered nosave memory: [mem 0x0009f000-0x0009ffff]
[    0.000000] PM: Registered nosave memory: [mem 0x000a0000-0x000effff]
[    0.000000] PM: Registered nosave memory: [mem 0x000f0000-0x000fffff]
[    0.000000] PM: Registered nosave memory: [mem 0xdfff0000-0xdfffffff]
[    0.000000] PM: Registered nosave memory: [mem 0xe0000000-0xfebfffff]
[    0.000000] PM: Registered nosave memory: [mem 0xfec00000-0xfec00fff]
[    0.000000] PM: Registered nosave memory: [mem 0xfec01000-0xfedfffff]
[    0.000000] PM: Registered nosave memory: [mem 0xfee00000-0xfee00fff]
[    0.000000] PM: Registered nosave memory: [mem 0xfee01000-0xfffbffff]
[    0.000000] PM: Registered nosave memory: [mem 0xfffc0000-0xffffffff]
[    0.000000] e820: [mem 0xe0000000-0xfebfffff] available for PCI devices
[    0.000000] Booting paravirtualized kernel on KVM
[    0.000000] clocksource: refined-jiffies: mask: 0xffffffff max_cycles: 0xffffffff, max_idle_ns: 7645519600211568 ns
[    0.000000] setup_percpu: NR_CPUS:512 nr_cpumask_bits:512 nr_cpu_ids:2 nr_node_ids:1
[    0.000000] PERCPU: Embedded 33 pages/cpu @ffff88011fc00000 s95448 r8192 d31528 u1048576
[    0.000000] Built 1 zonelists in Node order, mobility grouping on.  Total pages: 1032056
[    0.000000] Policy zone: Normal
[    0.000000] Kernel command line: BOOT_IMAGE=/boot/vmlinuz-4.4.0-178-generic root=LABEL=cloudimg-rootfs ro console=tty1 console=ttyS0
[    0.000000] PID hash table entries: 4096 (order: 3, 32768 bytes)
[    0.000000] Memory: 4028184K/4193848K available (8626K kernel code, 1336K rwdata, 4036K rodata, 1488K init, 1292K bss, 165664K reserved, 0K cma-reserved)
[    0.000000] SLUB: HWalign=64, Order=0-3, MinObjects=0, CPUs=2, Nodes=1
[    0.000000] Kernel/User page tables isolation: enabled
[    0.000000] Hierarchical RCU implementation.
[    0.000000] 	Build-time adjustment of leaf fanout to 64.
[    0.000000] 	RCU restricting CPUs from NR_CPUS=512 to nr_cpu_ids=2.
[    0.000000] RCU: Adjusting geometry for rcu_fanout_leaf=64, nr_cpu_ids=2
[    0.000000] NR_IRQS:33024 nr_irqs:440 16
[    0.000000] Console: colour VGA+ 80x25
[    0.000000] console [tty1] enabled
[    0.000000] console [ttyS0] enabled
[    0.000000] tsc: Detected 2304.000 MHz processor
[    0.244717] Calibrating delay loop (skipped) preset value.. 4608.00 BogoMIPS (lpj=9216000)
[    0.246826] pid_max: default: 32768 minimum: 301
[    0.248248] ACPI: Core revision 20150930
[    0.250006] ACPI: 2 ACPI AML tables successfully acquired and loaded
[    0.251932] Security Framework initialized
[    0.253070] Yama: becoming mindful.
[    0.253904] AppArmor: AppArmor initialized
[    0.256350] Dentry cache hash table entries: 524288 (order: 10, 4194304 bytes)
[    0.260927] Inode-cache hash table entries: 262144 (order: 9, 2097152 bytes)
[    0.262962] Mount-cache hash table entries: 8192 (order: 4, 65536 bytes)
[    0.264730] Mountpoint-cache hash table entries: 8192 (order: 4, 65536 bytes)
[    0.267587] Initializing cgroup subsys io
[    0.268424] Initializing cgroup subsys memory
[    0.269282] Initializing cgroup subsys devices
[    0.270149] Initializing cgroup subsys freezer
[    0.271039] Initializing cgroup subsys net_cls
[    0.271949] Initializing cgroup subsys perf_event
[    0.272854] Initializing cgroup subsys net_prio
[    0.273893] Initializing cgroup subsys hugetlb
[    0.274757] Initializing cgroup subsys pids
[    0.284448] mce: CPU supports 0 MCE banks
[    0.285800] Last level iTLB entries: 4KB 64, 2MB 8, 4MB 8
[    0.286891] Last level dTLB entries: 4KB 64, 2MB 0, 4MB 0, 1GB 4
[    0.288538] Spectre V1 : Mitigation: usercopy/swapgs barriers and __user pointer sanitization
[    0.290189] Spectre V2 : Mitigation: Full generic retpoline
[    0.291268] Spectre V2 : Spectre v2 / SpectreRSB mitigation: Filling RSB on context switch
[    0.293480] Speculative Store Bypass: Vulnerable
[    0.294913] MDS: Mitigation: Clear CPU buffers
[    0.298198] Freeing SMP alternatives memory: 36K
[    0.305863] ftrace: allocating 32308 entries in 127 pages
[    0.350668] smpboot: APIC(0) Converting physical 0 to logical package 0
[    0.352634] smpboot: Max logical packages: 1
[    0.353732] x2apic enabled
[    0.355006] Switched APIC routing to physical x2apic.
[    0.357155] ..TIMER: vector=0x30 apic1=0 pin1=2 apic2=-1 pin2=-1
[    0.466851] smpboot: CPU0: Intel(R) Core(TM) i9-9880H CPU @ 2.30GHz (family: 0x6, model: 0x9e, stepping: 0xd)
[    0.469844] Performance Events: unsupported p6 CPU model 158 no PMU driver, software events only.
[    0.479936] KVM setup paravirtual spinlock
[    0.481977] x86: Booting SMP configuration:
[    0.483250] .... node  #0, CPUs:      #1
[    0.484407] kvm-clock: cpu 1, msr 1:1ffef041, secondary cpu clock
[    0.496757] mce: CPU supports 0 MCE banks
[    0.500343] x86: Booted up 1 node, 2 CPUs
[    0.501891] smpboot: Total of 2 processors activated (9216.00 BogoMIPS)
[    0.504551] devtmpfs: initialized
[    0.507337] evm: security.selinux
[    0.508451] evm: security.SMACK64
[    0.509583] evm: security.SMACK64EXEC
[    0.510570] evm: security.SMACK64TRANSMUTE
[    0.511538] evm: security.SMACK64MMAP
[    0.512490] evm: security.ima
[    0.513124] evm: security.capability
[    0.513976] clocksource: jiffies: mask: 0xffffffff max_cycles: 0xffffffff, max_idle_ns: 7645041785100000 ns
[    0.516118] futex hash table entries: 512 (order: 3, 32768 bytes)
[    0.518275] pinctrl core: initialized pinctrl subsystem
[    0.519765] RTC time: 20:41:38, date: 08/27/20
[    0.521406] NET: Registered protocol family 16
[    0.530993] cpuidle: using governor ladder
[    0.543317] cpuidle: using governor menu
[    0.545171] PCCT header not found.
[    0.546745] ACPI: bus type PCI registered
[    0.548118] acpiphp: ACPI Hot Plug PCI Controller Driver version: 0.5
[    0.550215] PCI: Using configuration type 1 for base access
[    0.564643] ACPI: Added _OSI(Module Device)
[    0.566026] ACPI: Added _OSI(Processor Device)
[    0.567134] ACPI: Added _OSI(3.0 _SCP Extensions)
[    0.568284] ACPI: Added _OSI(Processor Aggregator Device)
[    0.570610] ACPI: Executed 1 blocks of module-level executable AML code
[    0.574264] ACPI: Interpreter enabled
[    0.575447] ACPI: (supports S0 S5)
[    0.576625] ACPI: Using IOAPIC for interrupt routing
[    0.578156] PCI: Using host bridge windows from ACPI; if necessary, use "pci=nocrs" and report a bug
[    0.584051] ACPI: PCI Root Bridge [PCI0] (domain 0000 [bus 00-ff])
[    0.585765] acpi PNP0A03:00: _OSC: OS supports [ASPM ClockPM Segments MSI]
[    0.587593] acpi PNP0A03:00: _OSC: not requesting OS control; OS requires [ExtendedConfig ASPM ClockPM MSI]
[    0.589565] acpi PNP0A03:00: fail to add MMCONFIG information, can't access extended PCI configuration space under this bridge.
[    0.595029] PCI host bridge to bus 0000:00
[    0.604825] pci_bus 0000:00: root bus resource [io  0x0000-0x0cf7 window]
[    0.606544] pci_bus 0000:00: root bus resource [io  0x0d00-0xffff window]
[    0.609076] pci_bus 0000:00: root bus resource [mem 0x000a0000-0x000bffff window]
[    0.612320] pci_bus 0000:00: root bus resource [mem 0xe0000000-0xfdffffff window]
[    0.615119] pci_bus 0000:00: root bus resource [bus 00-ff]
[    0.620083] pci 0000:00:01.1: legacy IDE quirk: reg 0x10: [io  0x01f0-0x01f7]
[    0.621668] pci 0000:00:01.1: legacy IDE quirk: reg 0x14: [io  0x03f6]
[    0.623667] pci 0000:00:01.1: legacy IDE quirk: reg 0x18: [io  0x0170-0x0177]
[    0.625274] pci 0000:00:01.1: legacy IDE quirk: reg 0x1c: [io  0x0376]
[    0.668863] pci 0000:00:07.0: quirk: [io  0x4000-0x403f] claimed by PIIX4 ACPI
[    0.670954] pci 0000:00:07.0: quirk: [io  0x4100-0x410f] claimed by PIIX4 SMB
[    0.691369] ACPI: PCI Interrupt Link [LNKA] (IRQs 5 9 10 *11)
[    0.693564] ACPI: PCI Interrupt Link [LNKB] (IRQs 5 9 *10 11)
[    0.696344] ACPI: PCI Interrupt Link [LNKC] (IRQs 5 *9 10 11)
[    0.698107] ACPI: PCI Interrupt Link [LNKD] (IRQs 5 9 10 *11)
[    0.700686] ACPI: Enabled 2 GPEs in block 00 to 07
[    0.702731] vgaarb: setting as boot device: PCI:0000:00:02.0
[    0.704451] vgaarb: device added: PCI:0000:00:02.0,decodes=io+mem,owns=io+mem,locks=none
[    0.706257] vgaarb: loaded
[    0.707121] vgaarb: bridge control possible 0000:00:02.0
[    0.708997] SCSI subsystem initialized
[    0.710076] ACPI: bus type USB registered
[    0.711088] usbcore: registered new interface driver usbfs
[    0.712297] usbcore: registered new interface driver hub
[    0.713489] usbcore: registered new device driver usb
[    0.714850] PCI: Using ACPI for IRQ routing
[    0.717126] NetLabel: Initializing
[    0.718160] NetLabel:  domain hash size = 128
[    0.719558] NetLabel:  protocols = UNLABELED CIPSOv4
[    0.720686] NetLabel:  unlabeled traffic allowed by default
[    0.722551] amd_nb: Cannot enumerate AMD northbridges
[    0.725023] clocksource: Switched to clocksource kvm-clock
[    0.733223] AppArmor: AppArmor Filesystem Enabled
[    0.734790] pnp: PnP ACPI init
[    0.736932] pnp: PnP ACPI: found 3 devices
[    0.746229] clocksource: acpi_pm: mask: 0xffffff max_cycles: 0xffffff, max_idle_ns: 2085701024 ns
[    0.748495] NET: Registered protocol family 2
[    0.750139] TCP established hash table entries: 32768 (order: 6, 262144 bytes)
[    0.752865] TCP bind hash table entries: 32768 (order: 7, 524288 bytes)
[    0.756267] TCP: Hash tables configured (established 32768 bind 32768)
[    0.758339] UDP hash table entries: 2048 (order: 4, 65536 bytes)
[    0.759700] UDP-Lite hash table entries: 2048 (order: 4, 65536 bytes)
[    0.761047] NET: Registered protocol family 1
[    0.762008] pci 0000:00:00.0: Limiting direct PCI/PCI transfers
[    0.763219] pci 0000:00:01.0: Activating ISA DMA hang workarounds
[    0.764583] Unpacking initramfs...
[    0.968975] Freeing initrd memory: 14880K
[    0.970769] PCI-DMA: Using software bounce buffering for IO (SWIOTLB)
[    0.972730] software IO TLB: mapped [mem 0xdbff0000-0xdfff0000] (64MB)
[    0.974525] clocksource: tsc: mask: 0xffffffffffffffff max_cycles: 0x2135f7c97c8, max_idle_ns: 440795273205 ns
[    0.977479] platform rtc_cmos: registered platform RTC device (no PNP device found)
[    0.979487] Scanning for low memory corruption every 60 seconds
[    0.982708] audit: initializing netlink subsys (disabled)
[    0.984540] audit: type=2000 audit(1598560904.697:1): initialized
[    0.987404] Initialise system trusted keyring
[    0.989643] HugeTLB registered 2 MB page size, pre-allocated 0 pages
[    0.993484] zbud: loaded
[    0.995059] VFS: Disk quotas dquot_6.6.0
[    0.996794] VFS: Dquot-cache hash table entries: 512 (order 0, 4096 bytes)
[    0.999019] squashfs: version 4.0 (2009/01/31) Phillip Lougher
[    1.000942] fuse init (API version 7.23)
[    1.002883] Key type big_key registered
[    1.003976] Allocating IMA MOK and blacklist keyrings.
[    1.009047] Key type asymmetric registered
[    1.010777] Asymmetric key parser 'x509' registered
[    1.012279] Block layer SCSI generic (bsg) driver version 0.4 loaded (major 249)
[    1.016505] io scheduler noop registered
[    1.017988] io scheduler deadline registered (default)
[    1.020334] io scheduler cfq registered
[    1.021721] pci_hotplug: PCI Hot Plug PCI Core version: 0.5
[    1.022940] pciehp: PCI Express Hot Plug Controller Driver version: 0.4
[    1.025646] ACPI: AC Adapter [AC] (on-line)
[    1.026647] input: Power Button as /devices/LNXSYSTM:00/LNXPWRBN:00/input/input0
[    1.028575] ACPI: Power Button [PWRF]
[    1.029897] input: Sleep Button as /devices/LNXSYSTM:00/LNXSLPBN:00/input/input1
[    1.031999] ACPI: Sleep Button [SLPF]
[    1.033150] GHES: HEST is not enabled!
[    1.034224] ACPI: Battery Slot [BAT0] (battery present)
[    1.036049] Serial: 8250/16550 driver, 32 ports, IRQ sharing enabled
[    1.058380] 00:02: ttyS0 at I/O 0x3f8 (irq = 4, base_baud = 115200) is a 16550A
[    1.067147] Linux agpgart interface v0.103
[    1.071491] loop: module loaded
[    1.072813] scsi host0: ata_piix
[    1.073907] scsi host1: ata_piix
[    1.074987] ata1: PATA max UDMA/33 cmd 0x1f0 ctl 0x3f6 bmdma 0xd000 irq 14
[    1.076561] ata2: PATA max UDMA/33 cmd 0x170 ctl 0x376 bmdma 0xd008 irq 15
[    1.078412] libphy: Fixed MDIO Bus: probed
[    1.079477] tun: Universal TUN/TAP device driver, 1.6
[    1.080782] tun: (C) 1999-2004 Max Krasnyansky <maxk@qualcomm.com>
[    1.082506] PPP generic driver version 2.4.2
[    1.084267] ehci_hcd: USB 2.0 'Enhanced' Host Controller (EHCI) Driver
[    1.085907] ehci-pci: EHCI PCI platform driver
[    1.087036] ehci-platform: EHCI generic platform driver
[    1.088272] ohci_hcd: USB 1.1 'Open' Host Controller (OHCI) Driver
[    1.089670] ohci-pci: OHCI PCI platform driver
[    1.090641] ohci-platform: OHCI generic platform driver
[    1.091867] uhci_hcd: USB Universal Host Controller Interface driver
[    1.093707] i8042: PNP: PS/2 Controller [PNP0303:PS2K,PNP0f03:PS2M] at 0x60,0x64 irq 1,12
[    1.096207] serio: i8042 KBD port at 0x60,0x64 irq 1
[    1.097949] serio: i8042 AUX port at 0x60,0x64 irq 12
[    1.100166] mousedev: PS/2 mouse device common for all mice
[    1.102949] input: AT Translated Set 2 keyboard as /devices/platform/i8042/serio0/input/input2
[    1.106283] rtc_cmos rtc_cmos: rtc core: registered rtc_cmos as rtc0
[    1.107917] rtc_cmos rtc_cmos: alarms up to one day, 114 bytes nvram
[    1.110014] i2c /dev entries driver
[    1.110937] device-mapper: uevent: version 1.0.3
[    1.112136] device-mapper: ioctl: 4.34.0-ioctl (2015-10-28) initialised: dm-devel@redhat.com
[    1.114321] ledtrig-cpu: registered to indicate activity on CPUs
[    1.116516] NET: Registered protocol family 10
[    1.118295] NET: Registered protocol family 17
[    1.119764] Key type dns_resolver registered
[    1.121327] registered taskstats version 1
[    1.122589] Loading compiled-in X.509 certificates
[    1.124203] Loaded X.509 cert 'Build time autogenerated kernel key: f33c437cc9123d9712070bdfe932b55b24c56047'
[    1.127720] zswap: loaded using pool lzo/zbud
[    1.132186] Key type trusted registered
[    1.136408] Key type encrypted registered
[    1.137528] AppArmor: AppArmor sha1 policy hashing enabled
[    1.138860] ima: No TPM chip found, activating TPM-bypass!
[    1.140263] ima: Allocated hash algorithm: sha1
[    1.141242] evm: HMAC attrs: 0x1
[    1.142933]   Magic number: 0:298:701
[    1.144350] rtc_cmos rtc_cmos: setting system clock to 2020-08-27 20:41:39 UTC (1598560899)
[    1.146955] BIOS EDD facility v0.16 2004-Jun-25, 0 devices found
[    1.149050] EDD information not available.
[    1.234959] Freeing unused kernel memory: 1488K
[    1.235996] Write protecting the kernel read-only data: 14336k
[    1.237536] Freeing unused kernel memory: 1604K
[    1.238659] Freeing unused kernel memory: 60K
Loading, please wait...
starting version 229
[    1.251261] random: systemd-udevd: uninitialized urandom read (16 bytes read, 3 bits of entropy available)
[    1.251472] random: udevadm: uninitialized urandom read (16 bytes read, 3 bits of entropy available)
[    1.251490] random: udevadm: uninitialized urandom read (16 bytes read, 3 bits of entropy available)
[    1.258837] random: udevadm: uninitialized urandom read (16 bytes read, 3 bits of entropy available)
[    1.258979] random: udevadm: uninitialized urandom read (16 bytes read, 3 bits of entropy available)
[    1.259203] random: udevadm: uninitialized urandom read (16 bytes read, 3 bits of entropy available)
[    1.259388] random: udevadm: uninitialized urandom read (16 bytes read, 3 bits of entropy available)
[    1.259478] random: udevadm: uninitialized urandom read (16 bytes read, 3 bits of entropy available)
[    1.259518] random: udevadm: uninitialized urandom read (16 bytes read, 3 bits of entropy available)
[    1.259555] random: udevadm: uninitialized urandom read (16 bytes read, 3 bits of entropy available)
[    1.304153] e1000: Intel(R) PRO/1000 Network Driver - version 7.3.21-k8-NAPI
[    1.307187] e1000: Copyright (c) 1999-2006 Intel Corporation.
[    1.313013] Fusion MPT base driver 3.04.20
[    1.314279] Copyright (c) 1999-2008 LSI Corporation
[    1.329415] Fusion MPT SPI Host driver 3.04.20
[    1.332465] AVX2 version of gcm_enc/dec engaged.
[    1.333549] AES CTR mode by8 optimization enabled
[    1.525248] input: ImExPS/2 Generic Explorer Mouse as /devices/platform/i8042/serio1/input/input4
[    1.718648] e1000 0000:00:03.0 eth0: (PCI:33MHz:32-bit) 02:bc:94:f1:bf:de
[    1.720093] e1000 0000:00:03.0 eth0: Intel(R) PRO/1000 Network Connection
[    1.722225] mptbase: ioc0: Initiating bringup
[    2.069223] ioc0: LSI53C1030 A0: Capabilities={Initiator}
[    2.566767] scsi host2: ioc0: LSI53C1030 A0, FwRev=00000000h, Ports=1, MaxQ=256, IRQ=20
[    2.984737] scsi 2:0:0:0: Direct-Access     VBOX     HARDDISK         1.0  PQ: 0 ANSI: 5
[    2.988333] scsi target2:0:0: Beginning Domain Validation
[    2.993962] scsi target2:0:0: Domain Validation skipping write tests
[    2.996032] scsi target2:0:0: Ending Domain Validation
[    2.997816] scsi target2:0:0: asynchronous
[    2.999244] scsi 2:0:1:0: Direct-Access     VBOX     HARDDISK         1.0  PQ: 0 ANSI: 5
[    3.002506] scsi target2:0:1: Beginning Domain Validation
[    3.006284] scsi target2:0:1: Domain Validation skipping write tests
[    3.008099] scsi target2:0:1: Ending Domain Validation
[    3.009334] scsi target2:0:1: asynchronous
[    3.016241] sd 2:0:0:0: [sda] 20971520 512-byte logical blocks: (10.7 GB/10.0 GiB)
[    3.018469] sd 2:0:0:0: Attached scsi generic sg0 type 0
[    3.025628] sd 2:0:1:0: [sdb] 20480 512-byte logical blocks: (10.5 MB/10.0 MiB)
[    3.029310] sd 2:0:1:0: Attached scsi generic sg1 type 0
[    3.032290] sd 2:0:1:0: [sdb] Write Protect is off
[    3.033732] sd 2:0:0:0: [sda] Write Protect is off
[    3.035165] sd 2:0:1:0: [sdb] Incomplete mode parameter data
[    3.036953] sd 2:0:1:0: [sdb] Assuming drive cache: write through
[    3.038538] sd 2:0:0:0: [sda] Incomplete mode parameter data
[    3.040790] sd 2:0:0:0: [sda] Assuming drive cache: write through
[    3.044305]  sda: sda1
[    3.047042] sd 2:0:0:0: [sda] Attached SCSI disk
[    3.048981] sd 2:0:1:0: [sdb] Attached SCSI disk
[    3.405955] e1000 0000:00:08.0 eth1: (PCI:33MHz:32-bit) 08:00:27:ae:6c:38
[    3.407842] e1000 0000:00:08.0 eth1: Intel(R) PRO/1000 Network Connection
[    3.409981] e1000 0000:00:03.0 enp0s3: renamed from eth0
[    3.421384] e1000 0000:00:08.0 enp0s8: renamed from eth1
Begin: Loading essential drivers ... [    4.698228] md: linear personality registered for level -1
[    4.702319] md: multipath personality registered for level -4
[    4.705705] md: raid0 personality registered for level 0
[    4.709746] md: raid1 personality registered for level 1
[    4.781578] raid6: sse2x1   gen() 12057 MB/s
[    4.849065] raid6: sse2x1   xor()  7873 MB/s
[    4.917130] raid6: sse2x2   gen() 16477 MB/s
[    4.985125] raid6: sse2x2   xor() 10911 MB/s
[    5.053050] raid6: sse2x4   gen() 16751 MB/s
[    5.121756] raid6: sse2x4   xor() 11474 MB/s
[    5.189550] raid6: avx2x1   gen() 23351 MB/s
[    5.257634] raid6: avx2x2   gen() 29953 MB/s
[    5.325278] raid6: avx2x4   gen() 31076 MB/s
[    5.326891] raid6: using algorithm avx2x4 gen() 31076 MB/s
[    5.328653] raid6: using avx2x2 recovery algorithm
[    5.331304] xor: automatically using best checksumming function:
[    5.369904]    avx       : 36895.000 MB/sec
[    5.371986] async_tx: api initialized (async)
[    5.383173] md: raid6 personality registered for level 6
[    5.384783] md: raid5 personality registered for level 5
[    5.386635] md: raid4 personality registered for level 4
[    5.395134] md: raid10 personality registered for level 10
done.
Begin: Running /scripts/init-premount ... done.
Begin: Mounting root file system ... Begin: Running /scripts/local-top ... done.
Begin: Running /scripts/local-premount ... [    5.426902] Btrfs loaded
Scanning for Btrfs filesystems
done.
Warning: fsck not present, so skipping root file system
[    5.450967] EXT4-fs (sda1): mounted filesystem with ordered data mode. Opts: (null)
done.
Begin: Running /scripts/local-bottom ... done.
Begin: Running /scripts/init-bottom ... done.
[    5.528267] systemd[1]: systemd 229 running in system mode. (+PAM +AUDIT +SELINUX +IMA +APPARMOR +SMACK +SYSVINIT +UTMP +LIBCRYPTSETUP +GCRYPT +GNUTLS +ACL +XZ -LZ4 +SECCOMP +BLKID +ELFUTILS +KMOD -IDN)
[    5.533147] systemd[1]: Detected virtualization oracle.
[    5.535052] systemd[1]: Detected architecture x86-64.

Welcome to [1mUbuntu 16.04.6 LTS[0m!

[    5.539233] systemd[1]: Set hostname to <ubuntu>.
[    5.542275] systemd[1]: Initializing machine ID from random generator.
[    5.544567] systemd[1]: Installed transient /etc/machine-id file.
[    5.633348] systemd[1]: Set up automount Arbitrary Executable File Formats File System Automount Point.
[[0;32m  OK  [0m] Set up automount Arbitrary Executab...ats File System Automount Point.
[    5.641805] systemd[1]: Listening on Journal Audit Socket.
[[0;32m  OK  [0m] Listening on Journal Audit Socket.
[    5.645347] systemd[1]: Listening on /dev/initctl Compatibility Named Pipe.
[[0;32m  OK  [0m] Listening on /dev/initctl Compatibility Named Pipe.
[    5.649011] systemd[1]: Created slice User and Session Slice.
[[0;32m  OK  [0m] Created slice User and Session Slice.
[    5.652052] systemd[1]: Listening on udev Control Socket.
[[0;32m  OK  [0m] Listening on udev Control Socket.
[    5.661290] systemd[1]: Started Trigger resolvconf update for networkd DNS.
[[0;32m  OK  [0m] Started Trigger resolvconf update for networkd DNS.
[    5.664140] systemd[1]: Listening on LVM2 poll daemon socket.
[[0;32m  OK  [0m] Listening on LVM2 poll daemon socket.
[    5.673757] systemd[1]: Listening on Syslog Socket.
[[0;32m  OK  [0m] Listening on Syslog Socket.
[    5.676877] systemd[1]: Listening on Journal Socket.
[[0;32m  OK  [0m] Listening on Journal Socket.
[    5.685727] systemd[1]: Created slice System Slice.
[[0;32m  OK  [0m] Created slice System Slice.
[    5.698029] systemd[1]: Starting Remount Root and Kernel File Systems...
         Starting Remount Root and Kernel File Systems...
[    5.701769] EXT4-fs (sda1): re-mounted. Opts: (null)
[    5.702186] systemd[1]: Mounting Debug File System...
         Mounting Debug File System...
[    5.714752] systemd[1]: Starting Load Kernel Modules...
         Starting Load Kernel Modules...
[    5.718439] systemd[1]: Created slice system-serial\x2dgetty.slice.
[[0;32m  OK  [0m] Created slice system-serial\x2dgetty.slice.
[    5.722601] systemd[1]: Starting Uncomplicated firewall...
[    5.724046] Loading iSCSI transport class v2.0-870.
         Starting Uncomplicated firewall...
[    5.727863] systemd[1]: Mounting Huge Pages File System...
         Mounting Huge Pages File System...
[    5.731265] systemd[1]: Starting Set console keymap...
         Starting Set console keymap...
[    5.734457] systemd[1]: Mounting POSIX Message Queue File System...
         Mounting POSIX Message Queue File System...
[    5.737772] systemd[1]: Started Forward Password Requests to Wall Directory Watch.
[[0;32m  OK  [0m] Started Forward Password Requests to Wall Directory Watch.
[    5.741621] systemd[1]: Reached target System Time Synchronized.
[[0;32m  OK  [0m] Reached target System Time Synchronized.
[    5.747298] systemd[1]: Listening on LVM2 metadata daemon socket.
[[0;32m  OK  [0m] Listening on LVM2 metadata daemon socket.
[    5.751175] systemd[1]: Listening on udev Kernel Socket.
[[0;32m  OK  [0m] Listening on udev Kernel Socket.
[    5.754304] systemd[1]: Reached target Swap.
[[0;32m  OK  [0m] Reached target Swap.
[    5.756802] systemd[1]: Reached target Slices.
[[0;32m  OK  [0m] Reached target Slices.
[    5.760553] systemd[1]: Listening on Device-mapper event daemon FIFOs.
[    5.762595] iscsi: registered transport (tcp)
[[0;32m  OK  [0m] Listening on Device-mapper event daemon FIFOs.
[    5.781233] systemd[1]: Starting Monitoring of LVM2 mirrors, snapshots etc. using dmeventd or progress polling...
         [    5.785010] iscsi: registered transport (iser)
Starting Monitoring of LVM2 mirrors... dmeventd or progress polling...
[    5.787928] systemd[1]: Reached target Encrypted Volumes.
[[0;32m  OK  [0m] Reached target Encrypted Volumes.
[    5.791544] systemd[1]: Listening on Journal Socket (/dev/log).
[[0;32m  OK  [0m] Listening on Journal Socket (/dev/log).
[    5.796265] systemd[1]: Starting Journal Service...
         Starting Journal Service...
[    5.801466] systemd[1]: Starting Nameserver information manager...
         Starting Nameserver information manager...
[    5.809805] systemd[1]: Starting Create list of required static device nodes for the current kernel...
         Starting Create list of required st... nodes for the current kernel...
[    5.815284] systemd[1]: Reached target User and Group Name Lookups.
[[0;32m  OK  [0m] Reached target User and Group Name Lookups.
[    5.819741] systemd[1]: Mounted Huge Pages File System.
[[0;32m  OK  [0m] Mounted Huge Pages File System.
[    5.823691] systemd[1]: Mounted Debug File System.
[[0;32m  OK  [0m] Mounted Debug File System.
[    5.826075] systemd[1]: Mounted POSIX Message Queue File System.
[[0;32m  OK  [0m] Mounted POSIX Message Queue File System.
[    5.828875] systemd[1]: Started Journal Service.
[[0;32m  OK  [0m] Started Journal Service.
[[0;32m  OK  [0m] Started Remount Root and Kernel File Systems.
[[0;32m  OK  [0m] Started Load Kernel Modules.
[[0;32m  OK  [0m] Started Uncomplicated firewall.
[[0;32m  OK  [0m] Started Set console keymap.
[[0;32m  OK  [0m] Started Create list of required sta...ce nodes for the current kernel.
[[0;32m  OK  [0m] Started Nameserver information manager.
[[0;32m  OK  [0m] Started LVM2 metadata daemon.
         Starting Create Static Device Nodes in /dev...
         Starting Apply Kernel Variables...
         Mounting FUSE Control File System...
         Starting udev Coldplug all Devices...
         Starting Load/Save Random Seed...
         Starting Flush Journal to Persistent Storage...
[[0;32m  OK  [0m] Mounted FUSE Control File System.
[[0;32m  OK  [0m] Started Create Static Device Nodes in /dev.
[[0;32m  OK  [0m] Started Apply Kernel Variables.
         Starting udev Kernel Device Manager...
[[0;32m  OK  [0m] Started Flush Journal to Persistent Storage.
[[0;32m  OK  [0m] Started Load/Save Random Seed.
[[0;32m  OK  [0m] Started udev Kernel Device Manager.
[[0;32m  OK  [0m] Started udev Coldplug all Devices.
[[0;32m  OK  [0m] Started Dispatch Password Requests to Console Directory Watch.
[[0;32m  OK  [0m] Started Monitoring of LVM2 mirrors,...ng dmeventd or progress polling.
[[0;32m  OK  [0m] Reached target Local File Systems (Pre).
[[0;32m  OK  [0m] Reached target Local File Systems.
         Starting LSB: AppArmor initialization...
         Starting Initial cloud-init job (pre-networking)...
         Starting Set console font and keymap...
         Starting Commit a transient machine-id on disk...
         Starting Create Volatile Files and Directories...
         Starting Tell Plymouth To Write Out Runtime Data...
[[0;32m  OK  [0m] Started Create Volatile Files and Directories.
         Starting Update UTMP about System Boot/Shutdown...
[[0;32m  OK  [0m] Started Update UTMP about System Boot/Shutdown.
[[0;32m  OK  [0m] Started Tell Plymouth To Write Out Runtime Data.
[[0;32m  OK  [0m] Started Commit a transient machine-id on disk.
[[0;32m  OK  [0m] Found device /dev/ttyS0.
[[0;32m  OK  [0m] Listening on Load/Save RF Kill Switch Status /dev/rfkill Watch.
[    6.696753] cloud-init[486]: Cloud-init v. 19.4-33-gbb4131a2-0ubuntu1~16.04.1 running 'init-local' at Thu, 27 Aug 2020 20:41:45 +0000. Up 6.37 seconds.
[[0;32m  OK  [0m] Started LSB: AppArmor initialization.
[[0;32m  OK  [0m] Started Initial cloud-init job (pre-networking).
[[0;32m  OK  [0m] Reached target Network (Pre).
         Starting Raise network interfaces...
[[0;32m  OK  [0m] Started Set console font and keymap.
[[0;32m  OK  [0m] Created slice system-getty.slice.
[[0;32m  OK  [0m] Started Raise network interfaces.
         Starting Initial cloud-init job (metadata service crawler)...
[[0;32m  OK  [0m] Reached target Network.
[    7.757984] cloud-init[959]: Cloud-init v. 19.4-33-gbb4131a2-0ubuntu1~16.04.1 running 'init' at Thu, 27 Aug 2020 20:41:46 +0000. Up 7.41 seconds.
[    7.768378] cloud-init[959]: ci-info: ++++++++++++++++++++++++++++++++++++++Net device info+++++++++++++++++++++++++++++++++++++++
[    7.770442] cloud-init[959]: ci-info: +--------+-------+----------------------------+---------------+--------+-------------------+
[    7.772658] cloud-init[959]: ci-info: | Device |   Up  |          Address           |      Mask     | Scope  |     Hw-Address    |
[    7.780979] cloud-init[959]: ci-info: +--------+-------+----------------------------+---------------+--------+-------------------+
[    7.788495] cloud-init[959]: ci-info: | enp0s3 |  True |         10.0.2.15          | 255.255.255.0 | global | 02:bc:94:f1:bf:de |
[    7.789891] cloud-init[959]: ci-info: | enp0s3 |  True | fe80::bc:94ff:fef1:bfde/64 |       .       |  link  | 02:bc:94:f1:bf:de |
[    7.791248] cloud-init[959]: ci-info: | enp0s8 | False |             .              |       .       |   .    | 08:00:27:ae:6c:38 |
[    7.793168] cloud-init[959]: ci-info: |   lo   |  True |         127.0.0.1          |   255.0.0.0   |  host  |         .         |
[    7.795258] cloud-init[959]: ci-info: |   lo   |  True |          ::1/128           |       .       |  host  |         .         |
[    7.798002] cloud-init[959]: ci-info: +--------+-------+----------------------------+---------------+--------+-------------------+
[    7.798180] cloud-init[959]: ci-info: +++++++++++++++++++++++++++Route IPv4 info++++++++++++++++++++++++++++
[    7.798884] cloud-init[959]: ci-info: +-------+-------------+----------+---------------+-----------+-------+
[    7.799569] cloud-init[959]: ci-info: | Route | Destination | Gateway  |    Genmask    | Interface | Flags |
[[0;32m  OK  [0m] Started Initial cloud-init job (metadata service crawler).
[    7.799803] cloud-init[959]: ci-info: +-------+-------------+----------+---------------+-----------+-------+
[    7.806964] cloud-init[959]: ci-info: |   0   |   0.0.0.0   | 10.0.2.2 |    0.0.0.0    |   enp0s3  |   UG  |
[    7.807211] cloud-init[959]: ci-info: |   1   |   10.0.2.0  | 0.0.0.0  | 255.255.255.0 |   enp0s3  |   U   |
[[0;32m  OK  [0m] Reached target Network is Online.
[    7.807262] cloud-init[959]: ci-info: +-------+-------------+----------+---------------+-----------+-------+
[    7.817832] cloud-init[959]: ci-info: +++++++++++++++++++Route IPv6 info+++++++++++++++++++
[    7.828670] cloud-init[959]: ci-info: +-------+-------------+---------+-----------+-------+
[    7.828870]          cloud-initStarting iSCSI initiator daemon (iscsid)...[959]: 
ci-info: | Route | Destination | Gateway | Interface | Flags |
[[    7.828916] [0;32m  OK  [0mcloud-init] [959]: Reached target Cloud-config availability.ci-info: +-------+-------------+---------+-----------+-------+

[    7.832562] cloud-init[959]: ci-info: |   0   |  fe80::/64  |    ::   |   enp0s3  |   U   |
[    7.832791] cloud-init[959]: ci-info: |   3   |   ff00::/8  |    ::   |   enp0s3  |   U   |
[[0;32m  OK  [0m] Reached target System Initialization.
         Starting LXD - unix socket.[    7.832939] 
cloud-init[959]: ci-info: +-------+-------------+---------+-----------+-------+
[    7.841089] cloud-init[959]: Generating public/private rsa key pair.
[    7.841295] [cloud-init[0;32m  OK  [0m[959]: ] Your identification has been saved in /etc/ssh/ssh_host_rsa_key.Started ACPI Events Check.

[[    7.841341] [0;32m  OK  [0mcloud-init] [959]: Reached target Paths.Your public key has been saved in /etc/ssh/ssh_host_rsa_key.pub.

[    7.860803] cloud-init[959]: The key fingerprint is:
[    7.861039] cloud-init[[959]: [0;32m  OK  [0mSHA256:QoD5AapJ4JMjjAg/GLVjRY9oK10G4QeJs3C5DUlGO64 root@ubuntu-xenial] 
Listening on ACPID Listen Socket.
         [    7.861099] Starting Socket activation for snappy daemon.cloud-init
[959]: The key's randomart image is:
[    7.870146] cloud-init[959]: +---[RSA 2048]----+
[    7.870330] [cloud-init[0;32m  OK  [0m[959]: ] |+=XX+            |Started Daily apt download activities.

[[    7.870375] [0;32m  OK  [0mcloud-init] [959]: Started Daily apt upgrade and clean activities.|@BXB.+           |

[    7.878293] cloud-init[959]: |B@%==.o          |
[    7.878536] [cloud-init[0;32m  OK  [0m[959]: ] |=*+Oo.           |Listening on UUID daemon activation socket.

[[    7.878581] cloud-init[959]: |+ +   . S        |
[    7.879831] cloud-init[959]: | o     .         |
[    7.880062] cloud-init[959]: |E                |
[    7.880713] cloud-init[959]: |                 |
[    7.881300] cloud-init[959]: |                 |
[    7.881873] cloud-init[959]: +----[SHA256]-----+
[    7.882610] cloud-init[959]: Generating public/private dsa key pair.
[    7.883186] cloud-init[959]: Your identification has been saved in /etc/ssh/ssh_host_dsa_key.
[    7.883449] cloud-init[959]: Your public key has been saved in /etc/ssh/ssh_host_dsa_key.pub.
[    7.884609] cloud-init[959]: The key fingerprint is:
[    7.885203] cloud-init[959]: SHA256:ZlO6+IVzbyAkj51nXRoPYCHEn6WzNG0HuZTRdya0/dk root@ubuntu-xenial
[0;32m  OK  [0m] Started Daily Cleanup of Temporary Directories.
[[    7.885321] cloud-init[959]: The key's randomart image is:
[    7.889883] cloud-init[959]: +---[DSA 1024]----+
[    7.890463] cloud-init[959]: |       oo ...*.  |
[0;32m  OK  [0m] Started Message of the Day.
[[    7.890933] cloud-init[959]: |        ..o * oo+|
[    7.892872] cloud-init[959]: |         o.B o.+o|
[    7.893444] cloud-init[959]: |      . .oB * o +|
[    7.894012] cloud-init[959]: |       *So * B .E|
[    7.894584] cloud-init[959]: |      .+=+= o .  |
[0;32m  OK  [0m] Reached target Timers.
[[    7.895106] cloud-init[959]: |      . ++o.     |
[    7.897437] cloud-init[959]: |       . + ..    |
[    7.898010] cloud-init[959]: |        .  ..    |
[    7.898367] cloud-init[959]: +----[SHA256]-----+
[    7.898965] cloud-init[959]: Generating public/private ecdsa key pair.
[    7.899540] cloud-init[959]: Your identification has been saved in /etc/ssh/ssh_host_ecdsa_key.
[    7.899923] cloud-init[959]: Your public key has been saved in /etc/ssh/ssh_host_ecdsa_key.pub.
[    7.900520] cloud-init[959]: The key fingerprint is:
[    7.901086] cloud-init[959]: SHA256:ck1rdGGUpSE9Kfckl7jEhuVxlCTnJEoL4YUwUM7HO9Q root@ubuntu-xenial
[    7.901657] cloud-init[959]: The key's randomart image is:
[    7.902240] cloud-init[959]: +---[ECDSA 256]---+
[    7.902300] cloud-init[959]: |    .o+.oo+*XBBo |
[0;32m  OK  [0m] Listening on D-Bus System Message Bus Socket.
[    7.902373] cloud-init[959]: |     o +.=o*%%=  |
[    7.924671] cloud-init[959]: |      o = E=+B.  |
[    7.925148] cloud-init[959]: |       o = o. .  |
[[0;32m  OK  [0m] Listening on LXD - unix socket.
[[0;32m  OK  [0m] Listening on Socket activation for snappy daemon.
[    7.925331] cloud-init[959]: |      . S +      |
[    7.941286] cloud-init[959]: |       o o       |
[    7.941547] cloud-init[959]: |                 |
[    7.941669] cloud-init[959]: |                 |
[[0;32m  OK  [0m] Reached target Sockets.
[[    7.941753] [0;32m  OK  [0mcloud-init] [959]: Reached target Basic System.|                 |

[    7.950670] cloud-init[959]: +----[SHA256]-----+
[    7.961210] cloud-init[959]: Generating public/private ed25519 key pair.
[    7.961484]          cloud-initStarting Pollinate to seed the pseudo random number generator...[959]: 
Your identification has been saved in /etc/ssh/ssh_host_ed25519_key.
[    7.964263] cloud-init[959]: Your public key has been saved in /etc/ssh/ssh_host_ed25519_key.pub.
[    7.965622]          cloud-initStarting System Logging Service...[959]: 
The key fingerprint is:
[    7.966899]          cloud-initStarting Virtualbox guest utils...[959]: 
SHA256:uSp4agLuRjmo0WrkqOmMRhKFpiNNtjGATCYnEhBooDI root@ubuntu-xenial
[    7.968593] [[0;32m  OK  [0m] Started D-Bus System Message Bus.
cloud-init[959]: The key's randomart image is:
[    7.970916] cloud-init[959]: +--[ED25519 256]--+
[    7.974393] cloud-init[959]: |^B.              |
[    7.975850] cloud-init[959]: |O**              |
[    7.980918] cloud-init[959]: |E= +             |
[    7.982069] cloud-init[959]: |*.o      .       |
[    7.984843] cloud-init[959]: |o+.     S        |
[    7.986430] cloud-init         Starting Login Service...
[959]: |=*.      .       |
[    7.991180] [cloud-init[0;32m  OK  [0m[959]: ] |@o..    .        |Started Regular background program processing daemon.

[    7.992846] [[0;32m  OK  [0m] Started Deferred execution scheduler.
         Starting /etc/rc.local Compatibility...
         Starting LSB: Record successful boot for GRUB...
[[0;32m  OK  [0m] Started ACPI event daemon.
[[0;32m  OK  [0m] Started FUSE filesystem for LXC.
         Starting LXD - container startup/shutdown...
         Starting LSB: MD monitoring daemon...
cloud-init[959]: |BBo o  .         |         Starting Snappy daemon...
         Starting Accounts Service...
[[0;32m  OK  [0m] Started System Logging Service.
[[0;32m  OK  [0m] Started iSCSI initiator daemon (iscsid).
[[0;32m  OK  [0m] Started /etc/rc.local Compatibility.

[    8.007380] cloud-init[959]:          Starting Login to default iSCSI targets...
|@*.o ..          |[[0;32m  OK  [0m] Started Login Service.
[[0;32m  OK  [0m] Started Unattended Upgrades Shutdown.
[[0;32m  OK  [0m] Started Login to default iSCSI targets.
[[0;32m  OK  [0m] Reached target Remote File Systems (Pre).
[[0;32m  OK  [0m] Reached target Remote File Systems.
         Starting LSB: Set the CPU Frequency Scaling governor to "ondemand"...
         Starting Permit User Sessions...
         Starting LSB: daemon to balance interrupts for SMP systems...
         Starting LSB: automatic crash report generation...
[[0;32m  OK  [0m] Started Permit User Sessions.
         Starting Terminate Plymouth Boot Screen...
         Starting Hold until boot process finishes up...

[    8.049545] [[0;32m  OK  [0m] Started Hold until boot process finishes up.
         Starting Set console scheme...
[[0;32m  OK  [0m] Started Getty on tty1.
[[0;32m  OK  [0m] Started Serial Getty on ttyS0.
cloud-init[959]: +----[SHA256]-----+
[[0;32m  OK  [0m] Reached target Login Prompts.
[[0;32m  OK  [0m] Started Terminate Plymouth Boot Screen.
[[0;32m  OK  [0m] Started Set console scheme.
[[0;32m  OK  [0m] Started LSB: MD monitoring daemon.
[[0;32m  OK  [0m] Started LSB: Set the CPU Frequency Scaling governor to "ondemand".
         Starting Authenticate and Authorize Users to Run Privileged Tasks...
[[0;32m  OK  [0m] Started LSB: Record successful boot for GRUB.
[[0;32m  OK  [0m] Started LSB: daemon to balance interrupts for SMP systems.
[[0;32m  OK  [0m] Started LSB: automatic crash report generation.
[[0;32m  OK  [0m] Started LXD - container startup/shutdown.
[[0;32m  OK  [0m] Started Authenticate and Authorize Users to Run Privileged Tasks.
[[0;32m  OK  [0m] Started Accounts Service.
[[0;32m  OK  [0m] Started Virtualbox guest utils.
[[0;32m  OK  [0m] Started Snappy daemon.
         Starting Wait until snapd is fully seeded...
[[0;32m  OK  [0m] Started Pollinate to seed the pseudo random number generator.
         Starting OpenBSD Secure Shell server...
[[0;32m  OK  [0m] Started OpenBSD Secure Shell server.
[[0;32m  OK  [0m] Started Wait until snapd is fully seeded.
         Starting Apply the settings specified in cloud-config...
[[0;32m  OK  [0m] Reached target Multi-User System.
[[0;32m  OK  [0m] Reached target Graphical Interface.
         Starting Update UTMP about System Runlevel Changes...
[[0;32m  OK  [0m] Started Update UTMP about System Runlevel Changes.
[    9.566227] cloud-init[1315]: Generating locales (this might take a while)...
[   10.116577] cloud-init[1315]:   en_US.UTF-8... done
[   10.117600] cloud-init[1315]: Generation complete.
[   10.283515] cloud-init[1315]: Cloud-init v. 19.4-33-gbb4131a2-0ubuntu1~16.04.1 running 'modules:config' at Thu, 27 Aug 2020 20:41:48 +0000. Up 9.50 seconds.
[[0;32m  OK  [0m] Started Apply the settings specified in cloud-config.
         Starting Execute cloud user/final scripts...
ci-info: no authorized SSH keys fingerprints found for user ubuntu.
<14>Aug 27 20:41:49 ec2: 
<14>Aug 27 20:41:49 ec2: #############################################################
<14>Aug 27 20:41:49 ec2: -----BEGIN SSH HOST KEY FINGERPRINTS-----
<14>Aug 27 20:41:49 ec2: 1024 SHA256:ZlO6+IVzbyAkj51nXRoPYCHEn6WzNG0HuZTRdya0/dk root@ubuntu-xenial (DSA)
<14>Aug 27 20:41:49 ec2: 256 SHA256:ck1rdGGUpSE9Kfckl7jEhuVxlCTnJEoL4YUwUM7HO9Q root@ubuntu-xenial (ECDSA)
<14>Aug 27 20:41:49 ec2: 256 SHA256:uSp4agLuRjmo0WrkqOmMRhKFpiNNtjGATCYnEhBooDI root@ubuntu-xenial (ED25519)
<14>Aug 27 20:41:49 ec2: 2048 SHA256:QoD5AapJ4JMjjAg/GLVjRY9oK10G4QeJs3C5DUlGO64 root@ubuntu-xenial (RSA)
<14>Aug 27 20:41:49 ec2: -----END SSH HOST KEY FINGERPRINTS-----
<14>Aug 27 20:41:49 ec2: #############################################################
-----BEGIN SSH HOST KEY KEYS-----
ecdsa-sha2-nistp256 AAAAE2VjZHNhLXNoYTItbmlzdHAyNTYAAAAIbmlzdHAyNTYAAABBBBhGRSgmNVYSQZbKxUPpD9vjOlj/hblj73h53/pUeDsZC0QAQEcWacU4BudhEHiNKf8Is47nU1PZRm519ywL1qI= root@ubuntu-xenial
ssh-ed25519 AAAAC3NzaC1lZDI1NTE5AAAAIJUHJ/Taq6mbbSUTtHvEmjrUT3JcGzkHo4i7B8n2KSM4 root@ubuntu-xenial
ssh-rsa AAAAB3NzaC1yc2EAAAADAQABAAABAQC4IqaglpzFd1kyOPd66kJsXVHChO3hcXohlFEFZD8zeuux/LZYrgcY9lW47+mnDSjsXNHzOSA4/9Ad5hkpEB1jUrq66scA+ZzSuD3tprvT+HTCVTWCuY7jMnIZ/II/hbdfECeZnvp6AMe0ZChvp1838g3OjCNfoy/555LkoNv24w83I0y/sU+jp+TN/0cbGbSt+JbU6zOycR2it22u5iwwoLHauNVh3S4ojet/E9JFWsQ2fIrCzV2u5uYSuYrUmhHgB9ykz84H2nKa7l0zx2hKLDo0Oqsw5yovjes+5weAYwhh3AmiPcD0+FI6QZfx2Bnl5AFXjQR9gd/9tnddYkc/ root@ubuntu-xenial
-----END SSH HOST KEY KEYS-----
[   10.606304] cloud-init[1357]: Cloud-init v. 19.4-33-gbb4131a2-0ubuntu1~16.04.1 running 'modules:final' at Thu, 27 Aug 2020 20:41:49 +0000. Up 10.50 seconds.
[   10.612404] cloud-init[1357]: ci-info: no authorized SSH keys fingerprints found for user ubuntu.
[   10.620418] cloud-init[1357]: Cloud-init v. 19.4-33-gbb4131a2-0ubuntu1~16.04.1 finished at Thu, 27 Aug 2020 20:41:49 +0000. Datasource DataSourceNoCloud [seed=/dev/sdb][dsmode=net].  Up 10.60 seconds
[[0;32m  OK  [0m] Started Execute cloud user/final scripts.
[[0;32m  OK  [0m] Reached target Cloud-init target.

Ubuntu 16.04.6 LTS ubuntu-xenial ttyS0

ubuntu-xenial login: 